<?xml version="1.0" encoding="UTF-8"?>
<!-- Generated by org.testng.reporters.JUnitReportReporter -->
<testsuite hostname="LAPTOP-1VTTEFFR" failures="0" tests="2" name="types_of_execution.Demo7" time="5.128" errors="0" timestamp="2025-10-15T03:11:20 IST" skipped="0">
  <testcase classname="types_of_execution.Demo7" name="case701" time="2.602"/>
  <testcase classname="types_of_execution.Demo7" name="case71" time="2.526"/>
</testsuite> <!-- types_of_execution.Demo7 -->
