<?xml version="1.0" encoding="UTF-8"?>
<!-- Generated by org.testng.reporters.JUnitReportReporter -->
<testsuite hostname="LAPTOP-1VTTEFFR" failures="0" tests="2" name="config_ann_extra.ContactTest" time="0.021" errors="0" timestamp="2025-10-15T03:37:04 IST" skipped="0">
  <testcase classname="config_ann_extra.ContactTest" name="deleteContactTest" time="0.005"/>
  <testcase classname="config_ann_extra.ContactTest" name="CreateContactTest" time="0.016"/>
</testsuite> <!-- config_ann_extra.ContactTest -->
