<?xml version="1.0" encoding="UTF-8"?>
<!-- Generated by org.testng.reporters.JUnitReportReporter -->
<testsuite hostname="LAPTOP-1VTTEFFR" failures="0" tests="1" name="organiztion.CreateOrganizationTestAfterBaseClass" time="102.395" errors="0" timestamp="2025-10-16T03:43:28 IST" skipped="0">
  <testcase classname="organiztion.CreateOrganizationTestAfterBaseClass" name="createorgTest" time="102.395"/>
</testsuite> <!-- organiztion.CreateOrganizationTestAfterBaseClass -->
