<?xml version="1.0" encoding="UTF-8"?>
<!-- Generated by org.testng.reporters.JUnitReportReporter -->
<testsuite hostname="LAPTOP-1VTTEFFR" failures="0" tests="1" name="config_ann_extra.OppTest" time="22.158" errors="0" timestamp="2025-10-16T03:17:53 IST" skipped="0">
  <testcase classname="config_ann_extra.OppTest" name="createOppTest" time="22.158"/>
</testsuite> <!-- config_ann_extra.OppTest -->
