<?xml version="1.0" encoding="UTF-8"?>
<!-- Generated by org.testng.reporters.JUnitReportReporter -->
<testsuite hostname="LAPTOP-1VTTEFFR" failures="0" tests="2" name="config_ann_extra.OppTest" time="0.017" errors="0" timestamp="2025-10-15T03:40:37 IST" skipped="0">
  <testcase classname="config_ann_extra.OppTest" name="deleteOppTest" time="0.004"/>
  <testcase classname="config_ann_extra.OppTest" name="CreateOppTest" time="0.013"/>
</testsuite> <!-- config_ann_extra.OppTest -->
