<?xml version="1.0" encoding="UTF-8"?>
<!-- Generated by org.testng.reporters.JUnitReportReporter -->
<testsuite hostname="LAPTOP-1VTTEFFR" failures="0" tests="2" name="types_of_execution.Demo1" time="12.534" errors="0" timestamp="2025-10-13T04:17:47 IST" skipped="0">
  <testcase classname="types_of_execution.Demo1" name="case1" time="6.714"/>
  <testcase classname="types_of_execution.Demo1" name="case101" time="5.820"/>
</testsuite> <!-- types_of_execution.Demo1 -->
