<?xml version="1.0" encoding="UTF-8"?>
<!-- Generated by org.testng.reporters.JUnitReportReporter -->
<testsuite hostname="LAPTOP-1VTTEFFR" failures="0" tests="1" name="contact.CreateContactTestAfterBaseClass" time="42.978" errors="0" timestamp="2025-10-16T03:43:28 IST" skipped="0">
  <testcase classname="contact.CreateContactTestAfterBaseClass" name="createContTest" time="42.978"/>
</testsuite> <!-- contact.CreateContactTestAfterBaseClass -->
