<?xml version="1.0" encoding="UTF-8"?>
<!-- Generated by org.testng.reporters.JUnitReportReporter -->
<testsuite hostname="LAPTOP-1VTTEFFR" failures="0" tests="2" name="types_of_execution.Demo6" time="5.658" errors="0" timestamp="2025-10-15T03:11:20 IST" skipped="0">
  <testcase classname="types_of_execution.Demo6" name="case61" time="2.338"/>
  <testcase classname="types_of_execution.Demo6" name="case601" time="3.320"/>
</testsuite> <!-- types_of_execution.Demo6 -->
