<?xml version="1.0" encoding="UTF-8"?>
<!-- Generated by org.testng.reporters.JUnitReportReporter -->
<testsuite hostname="LAPTOP-1VTTEFFR" failures="0" tests="1" name="config_ann_extra.OrgTest" time="0.020" errors="0" timestamp="2025-10-15T03:41:57 IST" skipped="0">
  <testcase classname="config_ann_extra.OrgTest" name="createOppTest" time="0.020"/>
</testsuite> <!-- config_ann_extra.OrgTest -->
