<?xml version="1.0" encoding="UTF-8"?>
<!-- Generated by org.testng.reporters.JUnitReportReporter -->
<testsuite hostname="LAPTOP-1VTTEFFR" failures="0" tests="1" name="types_of_execution.Demo4" time="7.692" errors="0" timestamp="2025-10-14T10:09:00 IST" skipped="0">
  <testcase classname="types_of_execution.Demo4" name="case4" time="7.692"/>
</testsuite> <!-- types_of_execution.Demo4 -->
