<?xml version="1.0" encoding="UTF-8"?>
<!-- Generated by org.testng.reporters.JUnitReportReporter -->
<testsuite hostname="LAPTOP-1VTTEFFR" failures="0" tests="3" name="testng_extra.DemoTest" time="0.041" errors="0" timestamp="2025-10-10T10:26:15 IST" skipped="0">
  <testcase classname="testng_extra.DemoTest" name="case2" time="0.006">
    <system-out>
      <![CDATA[case 2 : Plz go elsewhere....]]>
    </system-out>
  </testcase> <!-- case2 -->
  <testcase classname="testng_extra.DemoTest" name="case3" time="0.005">
    <system-out>
      <![CDATA[case 3 : Plz go elsewhere...]]>
    </system-out>
  </testcase> <!-- case3 -->
  <testcase classname="testng_extra.DemoTest" name="case1" time="0.030"/>
  <system-out>
    <![CDATA[case 2 : Plz go elsewhere....
case 3 : Plz go elsewhere...]]>
  </system-out>
</testsuite> <!-- testng_extra.DemoTest -->
