<?xml version="1.0" encoding="UTF-8"?>
<!-- Generated by org.testng.reporters.JUnitReportReporter -->
<testsuite hostname="LAPTOP-1VTTEFFR" failures="0" tests="11" name="testng_extra.DemoForInvocationTest" time="50.778" errors="0" timestamp="2025-10-13T04:00:03 IST" skipped="1">
  <testcase classname="testng_extra.DemoForInvocationTest" name="case3" time="6.141"/>
  <testcase classname="testng_extra.DemoForInvocationTest" name="case3" time="4.469"/>
  <testcase classname="testng_extra.DemoForInvocationTest" name="case3" time="4.410"/>
  <testcase classname="testng_extra.DemoForInvocationTest" name="case3" time="4.833"/>
  <testcase classname="testng_extra.DemoForInvocationTest" name="case3" time="4.880"/>
  <testcase classname="testng_extra.DemoForInvocationTest" name="case3" time="4.422"/>
  <testcase classname="testng_extra.DemoForInvocationTest" name="case3" time="6.141"/>
  <testcase classname="testng_extra.DemoForInvocationTest" name="case3" time="4.906"/>
  <testcase classname="testng_extra.DemoForInvocationTest" name="case3" time="4.449"/>
  <testcase classname="testng_extra.DemoForInvocationTest" name="case3" time="6.127"/>
  <testcase classname="testng_extra.DemoForInvocationTest" name="case2">
    <skipped/>
  </testcase> <!-- case2 -->
</testsuite> <!-- testng_extra.DemoForInvocationTest -->
