<?xml version="1.0" encoding="UTF-8"?>
<!-- Generated by org.testng.reporters.JUnitReportReporter -->
<testsuite hostname="LAPTOP-1VTTEFFR" failures="0" tests="1" name="working_with_assertion.HardAssertDemo" time="0.010" errors="0" timestamp="2025-10-16T03:57:35 IST" skipped="0">
  <testcase classname="working_with_assertion.HardAssertDemo" name="case1" time="0.010"/>
</testsuite> <!-- working_with_assertion.HardAssertDemo -->
